<?xml version="1.0" encoding="UTF-8"?>
<testsuites name="jest tests" tests="17" failures="15" errors="0" time="0.513">
  <testsuite name="Create User Tests" errors="0" failures="15" skipped="0" timestamp="2024-10-26T23:14:02" time="0.462" tests="17">
    <testcase classname="Create User Tests Creates user with required field" name="Create User Tests Creates user with required field" time="0.028">
      <failure>Error: expect(received).toBe(expected) // Object.is equality

Expected: 200
Received: 400
    at Object.toBe (C:\Users\Mahmoud\Documents\GitHub\SDET_Task\api_tests\__tests__\auth.test.js:10:29)
    at processTicksAndRejections (node:internal/process/task_queues:105:5)</failure>
    </testcase>
    <testcase classname="Create User Tests refuses to create user with already registered email" name="Create User Tests refuses to create user with already registered email" time="0.007">
      <failure>Error: expect(received).toBe(expected) // Object.is equality

Expected: 401
Received: 400
    at Object.toBe (C:\Users\Mahmoud\Documents\GitHub\SDET_Task\api_tests\__tests__\auth.test.js:20:29)
    at processTicksAndRejections (node:internal/process/task_queues:105:5)</failure>
    </testcase>
    <testcase classname="Create User Tests refuses to create user with empty username" name="Create User Tests refuses to create user with empty username" time="0.007">
      <failure>Error: expect(received).toBe(expected) // Object.is equality

Expected: 401
Received: 400
    at Object.toBe (C:\Users\Mahmoud\Documents\GitHub\SDET_Task\api_tests\__tests__\auth.test.js:27:29)
    at processTicksAndRejections (node:internal/process/task_queues:105:5)</failure>
    </testcase>
    <testcase classname="Create User Tests refuses to create user with invalid email format" name="Create User Tests refuses to create user with invalid email format" time="0.006">
      <failure>Error: expect(received).toBe(expected) // Object.is equality

Expected: 401
Received: 400
    at Object.toBe (C:\Users\Mahmoud\Documents\GitHub\SDET_Task\api_tests\__tests__\auth.test.js:34:29)
    at processTicksAndRejections (node:internal/process/task_queues:105:5)</failure>
    </testcase>
    <testcase classname="Create User Tests refuses to create duplicate user" name="Create User Tests refuses to create duplicate user" time="0.007">
      <failure>Error: expect(received).toBe(expected) // Object.is equality

Expected: 401
Received: 400
    at Object.toBe (C:\Users\Mahmoud\Documents\GitHub\SDET_Task\api_tests\__tests__\auth.test.js:41:29)
    at processTicksAndRejections (node:internal/process/task_queues:105:5)</failure>
    </testcase>
    <testcase classname="Authenticate Use Tests Logs in with valid credentials" name="Authenticate Use Tests Logs in with valid credentials" time="0.006">
      <failure>Error: expect(received).toBe(expected) // Object.is equality

Expected: 200
Received: 400
    at Object.toBe (C:\Users\Mahmoud\Documents\GitHub\SDET_Task\api_tests\__tests__\auth.test.js:53:29)
    at processTicksAndRejections (node:internal/process/task_queues:105:5)</failure>
    </testcase>
    <testcase classname="Authenticate Use Tests Does not log in with empty email" name="Authenticate Use Tests Does not log in with empty email" time="0.006">
      <failure>Error: expect(received).toBe(expected) // Object.is equality

Expected: 401
Received: 400
    at Object.toBe (C:\Users\Mahmoud\Documents\GitHub\SDET_Task\api_tests\__tests__\auth.test.js:61:29)
    at processTicksAndRejections (node:internal/process/task_queues:105:5)</failure>
    </testcase>
    <testcase classname="Authenticate Use Tests Does not log with wrong password" name="Authenticate Use Tests Does not log with wrong password" time="0.005">
      <failure>Error: expect(received).toBe(expected) // Object.is equality

Expected: 401
Received: 400
    at Object.toBe (C:\Users\Mahmoud\Documents\GitHub\SDET_Task\api_tests\__tests__\auth.test.js:68:29)
    at processTicksAndRejections (node:internal/process/task_queues:105:5)</failure>
    </testcase>
    <testcase classname="Get User By Token Tests Returns user with valid credentials" name="Get User By Token Tests Returns user with valid credentials" time="0.004">
      <failure>Error: expect(received).toBe(expected) // Object.is equality

Expected: 200
Received: 403
    at Object.toBe (C:\Users\Mahmoud\Documents\GitHub\SDET_Task\api_tests\__tests__\auth.test.js:78:29)
    at processTicksAndRejections (node:internal/process/task_queues:105:5)</failure>
    </testcase>
    <testcase classname="Get User By Token Tests Gives an error on empty token" name="Get User By Token Tests Gives an error on empty token" time="0.005">
    </testcase>
    <testcase classname="Patch User By Token Tests Patches user with valid token" name="Patch User By Token Tests Patches user with valid token" time="0.007">
      <failure>Error: expect(received).toBe(expected) // Object.is equality

Expected: 200
Received: 400
    at Object.toBe (C:\Users\Mahmoud\Documents\GitHub\SDET_Task\api_tests\__tests__\auth.test.js:100:29)
    at processTicksAndRejections (node:internal/process/task_queues:105:5)</failure>
    </testcase>
    <testcase classname="Patch User By Token Tests Does not patch user with empty token" name="Patch User By Token Tests Does not patch user with empty token" time="0.005">
      <failure>Error: expect(received).toBe(expected) // Object.is equality

Expected: 403
Received: 400
    at Object.toBe (C:\Users\Mahmoud\Documents\GitHub\SDET_Task\api_tests\__tests__\auth.test.js:108:29)
    at processTicksAndRejections (node:internal/process/task_queues:105:5)</failure>
    </testcase>
    <testcase classname="Delete User by Token Tests Does not delete with empty token" name="Delete User by Token Tests Does not delete with empty token" time="0.003">
    </testcase>
    <testcase classname="Delete User by Token Tests Deletes user with valid token" name="Delete User by Token Tests Deletes user with valid token" time="0.003">
      <failure>Error: expect(received).toBe(expected) // Object.is equality

Expected: 200
Received: 403
    at Object.toBe (C:\Users\Mahmoud\Documents\GitHub\SDET_Task\api_tests\__tests__\auth.test.js:123:29)
    at processTicksAndRejections (node:internal/process/task_queues:105:5)</failure>
    </testcase>
    <testcase classname="Delete All Users Tests Does not delete all users with a wrong admin key" name="Delete All Users Tests Does not delete all users with a wrong admin key" time="0.006">
      <failure>Error: expect(received).toBe(expected) // Object.is equality

Expected: 403
Received: 400
    at Object.toBe (C:\Users\Mahmoud\Documents\GitHub\SDET_Task\api_tests\__tests__\auth.test.js:133:29)
    at processTicksAndRejections (node:internal/process/task_queues:105:5)</failure>
    </testcase>
    <testcase classname="Delete All Users Tests Deletes all users with valid admin key" name="Delete All Users Tests Deletes all users with valid admin key" time="0.005">
      <failure>Error: expect(received).toBe(expected) // Object.is equality

Expected: 200
Received: 400
    at Object.toBe (C:\Users\Mahmoud\Documents\GitHub\SDET_Task\api_tests\__tests__\auth.test.js:139:29)
    at processTicksAndRejections (node:internal/process/task_queues:105:5)</failure>
    </testcase>
    <testcase classname="Delete All Users Tests Recreates a deleted user" name="Delete All Users Tests Recreates a deleted user" time="0.005">
      <failure>Error: expect(received).toBe(expected) // Object.is equality

Expected: 200
Received: 400
    at Object.toBe (C:\Users\Mahmoud\Documents\GitHub\SDET_Task\api_tests\__tests__\auth.test.js:146:29)
    at processTicksAndRejections (node:internal/process/task_queues:105:5)</failure>
    </testcase>
  </testsuite>
</testsuites>